[unbouncepages.com/eudokas/index.html]
[backblue.gif]
[fade.gif]
[index.html]
[d9hhrg4mnvzow.cloudfront.net/unbouncepages.com/eudokas/c6f16b19-90388896-3123440184379330-4708602573936918528-o_08n06908n05s00000801o.jpg]
[d9hhrg4mnvzow.cloudfront.net/unbouncepages.com/eudokas/1fb18ef4-51387334-2313037672086256-3133748769275772928-o_06307m05q07m00000001o.jpg]
[d9hhrg4mnvzow.cloudfront.net/unbouncepages.com/eudokas/27d9c45d-33540578-1943066585750035-2267043064935612416-n_07i07i07i05000001901o.jpg]
[d9hhrg4mnvzow.cloudfront.net/unbouncepages.com/eudokas/41f192a5-90236171-3109850042405011-2201556152385273856-o_0bf08s0bf07c00000p01o.jpg]
[d9hhrg4mnvzow.cloudfront.net/unbouncepages.com/eudokas/8198974d-12715822-1048155705241132-869114343288924201-o_08n08n08n08l00000101o.jpg]
[d9hhrg4mnvzow.cloudfront.net/unbouncepages.com/eudokas/320f5770-1082204-566501256739915-769684327-o_0bh07m05q07m00000001o.jpg]
[d9hhrg4mnvzow.cloudfront.net/unbouncepages.com/eudokas/7c5914ce-1102528-566501480073226-29749845-o_05c08105c07m00000701o.jpg]
[d9hhrg4mnvzow.cloudfront.net/unbouncepages.com/eudokas/2ba9310a-image_0q40q70q40d700006i001.png]
[d9hhrg4mnvzow.cloudfront.net/unbouncepages.com/eudokas/c6f16b19-90388896-3123440184379330-4708602573936918528-o_0ha0cj0ha0bk00000g01o.jpg]
[d9hhrg4mnvzow.cloudfront.net/unbouncepages.com/eudokas/1fb18ef4-51387334-2313037672086256-3133748769275772928-o_0c60f80bg0f800000001o.jpg]
[d9hhrg4mnvzow.cloudfront.net/unbouncepages.com/eudokas/27d9c45d-33540578-1943066585750035-2267043064935612416-n_0f00f00f00a000002i01o.jpg]
[d9hhrg4mnvzow.cloudfront.net/unbouncepages.com/eudokas/41f192a5-90236171-3109850042405011-2201556152385273856-o_0mu0hk0mu0eo00001e01o.jpg]
[d9hhrg4mnvzow.cloudfront.net/unbouncepages.com/eudokas/2ba9310a-image_0000000yi0hg00008l001.png]
[d9hhrg4mnvzow.cloudfront.net/unbouncepages.com/eudokas/8198974d-12715822-1048155705241132-869114343288924201-o_0ha0ha0ha0h600000201o.jpg]
[d9hhrg4mnvzow.cloudfront.net/unbouncepages.com/eudokas/320f5770-1082204-566501256739915-769684327-o_0my0f80bg0f800000001o.jpg]
[d9hhrg4mnvzow.cloudfront.net/unbouncepages.com/eudokas/7c5914ce-1102528-566501480073226-29749845-o_0ao0g30ao0f800000e01o.jpg]
[d9hhrg4mnvzow.cloudfront.net/unbouncepages.com/eudokas/c6f16b19-90388896-3123440184379330-4708602573936918528-o_0px0is0px0hc00000o01o.jpg]
[d9hhrg4mnvzow.cloudfront.net/unbouncepages.com/eudokas/1fb18ef4-51387334-2313037672086256-3133748769275772928-o_0ia0mu0h60mu00000001o.jpg]
[d9hhrg4mnvzow.cloudfront.net/unbouncepages.com/eudokas/27d9c45d-33540578-1943066585750035-2267043064935612416-n_0000000ji0d000003901o.jpg]
[d9hhrg4mnvzow.cloudfront.net/unbouncepages.com/eudokas/41f192a5-90236171-3109850042405011-2201556152385273856-o_0000000qo0h500001m01o.jpg]
[d9hhrg4mnvzow.cloudfront.net/unbouncepages.com/eudokas/8198974d-12715822-1048155705241132-869114343288924201-o_0px0px0px0pr00000301o.jpg]
[d9hhrg4mnvzow.cloudfront.net/unbouncepages.com/eudokas/320f5770-1082204-566501256739915-769684327-o_0000000db0hp00000001o.jpg]
[d9hhrg4mnvzow.cloudfront.net/unbouncepages.com/eudokas/7c5914ce-1102528-566501480073226-29749845-o_0g00o40g00mu00000l01o.jpg]
[d9hhrg4mnvzow.cloudfront.net/unbouncepages.com/eudokas/c6f16b19-90388896-3123440184379330-4708602573936918528-o_08w06g08w05k00000f01o.jpg]
[d9hhrg4mnvzow.cloudfront.net/unbouncepages.com/eudokas/2ba9310a-image_08w08x08w04s000022001.png]
[d9hhrg4mnvzow.cloudfront.net/unbouncepages.com/eudokas/8198974d-12715822-1048155705241132-869114343288924201-o_05j05j05j03y00000s01o.jpg]
[d9hhrg4mnvzow.cloudfront.net/unbouncepages.com/eudokas/c6f16b19-90388896-3123440184379330-4708602573936918528-o_0hs0cw0hs0b400000u01o.jpg]
[d9hhrg4mnvzow.cloudfront.net/unbouncepages.com/eudokas/2ba9310a-image_0hs0hu0hs09k000044001.png]
[d9hhrg4mnvzow.cloudfront.net/unbouncepages.com/eudokas/8198974d-12715822-1048155705241132-869114343288924201-o_0b20b20b207w00001k01o.jpg]
[d9hhrg4mnvzow.cloudfront.net/unbouncepages.com/eudokas/c6f16b19-90388896-3123440184379330-4708602573936918528-o_0000000qo0go00001901o.jpg]
[d9hhrg4mnvzow.cloudfront.net/unbouncepages.com/eudokas/2ba9310a-image_0qo0qr0qo0ec000066001.png]
[d9hhrg4mnvzow.cloudfront.net/unbouncepages.com/eudokas/8198974d-12715822-1048155705241132-869114343288924201-o_0gl0gl0gl0bu00002c01o.jpg]
[builder-assets.unbounce.com/published-css/main-7b78720.z.css]
[d9hhrg4mnvzow.cloudfront.net/unbouncepages.com/eudokas/transparent.gif]
[d9hhrg4mnvzow.cloudfront.net/unbouncepages.com/eudokas/025df8a4-phone-1_000000000000000000001.png]
[d9hhrg4mnvzow.cloudfront.net/unbouncepages.com/eudokas/2d95efd4-homelogo_0m907f0m9069000013001.png]
[d9hhrg4mnvzow.cloudfront.net/unbouncepages.com/eudokas/2d95efd4-homelogo_0ei04u0ei04c00000i001.png]
[d9hhrg4mnvzow.cloudfront.net/unbouncepages.com/eudokas/a602d0a8-whatsapp-1_000000000000000000001.png]
[d9hhrg4mnvzow.cloudfront.net/unbouncepages.com/eudokas/4a8f59bf-9y_09008x000000000000001.png]
[d9hhrg4mnvzow.cloudfront.net/unbouncepages.com/eudokas/ad808a04-image_09009009008x000000001.png]
[d9hhrg4mnvzow.cloudfront.net/unbouncepages.com/eudokas/3dde0e83-ima6_09009009008x000000001.png]
[d9hhrg4mnvzow.cloudfront.net/unbouncepages.com/eudokas/49f69d02-imag8_09009009008x000000001.png]
[builder-assets.unbounce.com/published-js/main.bundle-81f56cf.z.js]
[unbouncepages.com/eudokas/index.html]
[builder-assets.unbounce.com/published-css/main-7b78720.z.css]
[unbouncepages.com/eudokas/clkg/https/eudokas.com/shop/index.html]
[builder-assets.unbounce.com/images/transparent.gif]
